Unknown command: '0.0.0.0'
Type 'manage.py help' for usage.
Unknown command: '0:8000'
Type 'manage.py help' for usage.
Watching for file changes with StatReloader
Invalid HTTP_HOST header: '192.168.0.194:8000'. You may need to add '192.168.0.194' to ALLOWED_HOSTS.
Bad Request: /
[07/Oct/2020 12:54:00] "GET / HTTP/1.1" 400 67563
Invalid HTTP_HOST header: '192.168.0.194:8000'. You may need to add '192.168.0.194' to ALLOWED_HOSTS.
Bad Request: /favicon.ico
[07/Oct/2020 12:54:00] "GET /favicon.ico HTTP/1.1" 400 67606
/home/aviox/CodeProve/CodeProve/settings.py changed, reloading.
Performing system checks...

System check identified no issues (0 silenced).
October 07, 2020 - 12:53:42
Django version 3.1.2, using settings 'CodeProve.settings'
Starting development server at http://0:8000/
Quit the server with CONTROL-C.
Watching for file changes with StatReloader
[07/Oct/2020 12:54:20] "GET / HTTP/1.1" 200 4617
[07/Oct/2020 12:54:20] "GET /static/app/content/site.css HTTP/1.1" 200 10065
[07/Oct/2020 12:54:20] "GET /static/app/content/font-awesome.css HTTP/1.1" 200 30999
[07/Oct/2020 12:54:20] "GET /static/app/content/bootstrap.min.css HTTP/1.1" 200 97949
[07/Oct/2020 12:54:20] "GET /static/app/scripts/bootstrap.js HTTP/1.1" 200 59250
[07/Oct/2020 12:54:20] "GET /static/app/scripts/bootstrap.min.js HTTP/1.1" 200 28518
[07/Oct/2020 12:54:20] "GET /static/app/scripts/modernizr-2.6.2.js HTTP/1.1" 200 51395
[07/Oct/2020 12:54:20] "GET /static/app/scripts/respond.js HTTP/1.1" 200 10318
[07/Oct/2020 12:54:20] "GET /static/app/scripts/jquery.min.js HTTP/1.1" 200 84345
[07/Oct/2020 12:54:20] "GET /static/app/scripts/jquery-1.10.2.js HTTP/1.1" 200 273990
Not Found: /favicon.ico
[07/Oct/2020 12:54:20] "GET /favicon.ico HTTP/1.1" 404 1762
Watching for file changes with StatReloader
[08/Oct/2020 06:15:53] "GET /password_reset/ HTTP/1.1" 200 3867
[08/Oct/2020 06:18:35] "POST /newcompile/ HTTP/1.1" 200 75
[08/Oct/2020 06:18:53] "POST /newcompile/ HTTP/1.1" 200 75
[08/Oct/2020 06:18:56] "GET /newcompile/ HTTP/1.1" 200 8897
[08/Oct/2020 06:18:56] "GET /static/app/scripts/modernizr-2.6.2.js HTTP/1.1" 304 0
[08/Oct/2020 06:18:56] "GET /static/app/scripts/jquery-1.10.2.js HTTP/1.1" 304 0
[08/Oct/2020 06:18:56] "GET /static/app/scripts/jquery.min.js HTTP/1.1" 304 0
[08/Oct/2020 06:18:56] "GET /static/app/scripts/bootstrap.js HTTP/1.1" 304 0
[08/Oct/2020 06:18:56] "GET /static/app/scripts/respond.js HTTP/1.1" 304 0
[08/Oct/2020 06:18:56] "GET /static/app/scripts/bootstrap.min.js HTTP/1.1" 304 0
Not Found: /favicon.ico
[08/Oct/2020 06:18:56] "GET /favicon.ico HTTP/1.1" 404 1758
[08/Oct/2020 06:19:01] "POST /newcompile/ HTTP/1.1" 200 75
[08/Oct/2020 06:19:06] "POST /newcompile/ HTTP/1.1" 200 75
[08/Oct/2020 06:19:10] "POST /newcompile/ HTTP/1.1" 200 75
[08/Oct/2020 06:19:24] "GET /newcompile/ HTTP/1.1" 200 8900
[08/Oct/2020 06:19:24] "GET /static/app/scripts/modernizr-2.6.2.js HTTP/1.1" 304 0
[08/Oct/2020 06:19:24] "GET /static/app/scripts/bootstrap.js HTTP/1.1" 304 0
[08/Oct/2020 06:19:24] "GET /static/app/scripts/jquery-1.10.2.js HTTP/1.1" 304 0
[08/Oct/2020 06:19:24] "GET /static/app/scripts/respond.js HTTP/1.1" 304 0
[08/Oct/2020 06:19:24] "GET /static/app/scripts/jquery.min.js HTTP/1.1" 304 0
[08/Oct/2020 06:19:24] "GET /static/app/scripts/bootstrap.min.js HTTP/1.1" 304 0
Not Found: /favicon.ico
[08/Oct/2020 06:19:24] "GET /favicon.ico HTTP/1.1" 404 1758
[08/Oct/2020 06:19:28] "POST /newcompile/ HTTP/1.1" 200 75
[08/Oct/2020 06:27:22] "GET /newcompile/ HTTP/1.1" 200 8903
[08/Oct/2020 06:27:22] "GET /static/app/scripts/modernizr-2.6.2.js HTTP/1.1" 304 0
[08/Oct/2020 06:27:22] "GET /static/app/scripts/jquery-1.10.2.js HTTP/1.1" 304 0
[08/Oct/2020 06:27:22] "GET /static/app/scripts/bootstrap.js HTTP/1.1" 304 0
[08/Oct/2020 06:27:22] "GET /static/app/scripts/respond.js HTTP/1.1" 304 0
[08/Oct/2020 06:27:22] "GET /static/app/scripts/jquery.min.js HTTP/1.1" 304 0
[08/Oct/2020 06:27:22] "GET /static/app/scripts/bootstrap.min.js HTTP/1.1" 304 0
Not Found: /favicon.ico
[08/Oct/2020 06:27:22] "GET /favicon.ico HTTP/1.1" 404 1758
[08/Oct/2020 06:27:25] "POST /newcompile/ HTTP/1.1" 200 75
[08/Oct/2020 06:27:29] "POST /newcompile/ HTTP/1.1" 200 75
[08/Oct/2020 06:27:31] "POST /newcompile/ HTTP/1.1" 200 75
[08/Oct/2020 06:27:38] "GET /newcompile/ HTTP/1.1" 200 8900
[08/Oct/2020 06:27:38] "GET /static/app/scripts/modernizr-2.6.2.js HTTP/1.1" 304 0
[08/Oct/2020 06:27:38] "GET /static/app/scripts/respond.js HTTP/1.1" 304 0
[08/Oct/2020 06:27:38] "GET /static/app/scripts/bootstrap.js HTTP/1.1" 304 0
[08/Oct/2020 06:27:38] "GET /static/app/scripts/bootstrap.min.js HTTP/1.1" 304 0
[08/Oct/2020 06:27:38] "GET /static/app/scripts/jquery-1.10.2.js HTTP/1.1" 304 0
[08/Oct/2020 06:27:38] "GET /static/app/scripts/jquery.min.js HTTP/1.1" 304 0
[08/Oct/2020 06:27:41] "POST /newcompile/ HTTP/1.1" 200 75
[08/Oct/2020 06:27:46] "POST /newcompile/ HTTP/1.1" 200 75
[08/Oct/2020 06:27:47] "POST /newcompile/ HTTP/1.1" 200 75
[08/Oct/2020 06:27:48] "POST /newcompile/ HTTP/1.1" 200 75
[08/Oct/2020 06:27:48] "POST /newcompile/ HTTP/1.1" 200 75
[08/Oct/2020 06:27:48] "POST /newcompile/ HTTP/1.1" 200 75
[08/Oct/2020 06:27:49] "POST /newcompile/ HTTP/1.1" 200 75
[08/Oct/2020 06:27:49] "POST /newcompile/ HTTP/1.1" 200 75
[08/Oct/2020 06:27:49] "POST /newcompile/ HTTP/1.1" 200 75
[08/Oct/2020 06:27:49] "POST /newcompile/ HTTP/1.1" 200 75
[08/Oct/2020 06:27:49] "POST /newcompile/ HTTP/1.1" 200 75
[08/Oct/2020 06:28:05] "GET /newcompile/ HTTP/1.1" 200 8899
[08/Oct/2020 06:28:05] "GET /static/app/scripts/modernizr-2.6.2.js HTTP/1.1" 304 0
[08/Oct/2020 06:28:05] "GET /static/app/scripts/jquery-1.10.2.js HTTP/1.1" 304 0
[08/Oct/2020 06:28:05] "GET /static/app/scripts/bootstrap.js HTTP/1.1" 304 0
[08/Oct/2020 06:28:05] "GET /static/app/scripts/respond.js HTTP/1.1" 304 0
[08/Oct/2020 06:28:05] "GET /static/app/scripts/bootstrap.min.js HTTP/1.1" 304 0
[08/Oct/2020 06:28:05] "GET /static/app/scripts/jquery.min.js HTTP/1.1" 304 0
[08/Oct/2020 06:28:08] "POST /newcompile/ HTTP/1.1" 200 75
[08/Oct/2020 06:28:10] "POST /newcompile/ HTTP/1.1" 200 75
[08/Oct/2020 06:28:17] "GET /newcompile/ HTTP/1.1" 200 8896
[08/Oct/2020 06:28:17] "GET /static/app/scripts/modernizr-2.6.2.js HTTP/1.1" 304 0
[08/Oct/2020 06:28:17] "GET /static/app/scripts/jquery-1.10.2.js HTTP/1.1" 304 0
[08/Oct/2020 06:28:17] "GET /static/app/scripts/bootstrap.min.js HTTP/1.1" 304 0
[08/Oct/2020 06:28:17] "GET /static/app/scripts/respond.js HTTP/1.1" 304 0
[08/Oct/2020 06:28:17] "GET /static/app/scripts/bootstrap.js HTTP/1.1" 304 0
[08/Oct/2020 06:28:17] "GET /static/app/scripts/jquery.min.js HTTP/1.1" 304 0
[08/Oct/2020 06:28:20] "POST /newcompile/ HTTP/1.1" 200 75
[08/Oct/2020 06:29:09] "GET /newcompile/ HTTP/1.1" 200 8903
[08/Oct/2020 06:29:10] "GET /static/app/scripts/modernizr-2.6.2.js HTTP/1.1" 304 0
[08/Oct/2020 06:29:10] "GET /static/app/scripts/bootstrap.min.js HTTP/1.1" 304 0
[08/Oct/2020 06:29:10] "GET /static/app/scripts/bootstrap.js HTTP/1.1" 304 0
[08/Oct/2020 06:29:10] "GET /static/app/scripts/respond.js HTTP/1.1" 304 0
[08/Oct/2020 06:29:10] "GET /static/app/scripts/jquery-1.10.2.js HTTP/1.1" 304 0
[08/Oct/2020 06:29:10] "GET /static/app/scripts/jquery.min.js HTTP/1.1" 304 0
[08/Oct/2020 06:29:13] "POST /newcompile/ HTTP/1.1" 200 75
[08/Oct/2020 06:29:15] "POST /newcompile/ HTTP/1.1" 200 75
[08/Oct/2020 06:29:16] "POST /newcompile/ HTTP/1.1" 200 75
[08/Oct/2020 06:30:19] "GET /newcompile/ HTTP/1.1" 200 8903
[08/Oct/2020 06:30:19] "GET /static/app/scripts/modernizr-2.6.2.js HTTP/1.1" 304 0
[08/Oct/2020 06:30:19] "GET /static/app/scripts/bootstrap.js HTTP/1.1" 304 0
[08/Oct/2020 06:30:19] "GET /static/app/scripts/bootstrap.min.js HTTP/1.1" 304 0
[08/Oct/2020 06:30:19] "GET /static/app/scripts/jquery.min.js HTTP/1.1" 304 0
[08/Oct/2020 06:30:19] "GET /static/app/scripts/respond.js HTTP/1.1" 304 0
[08/Oct/2020 06:30:19] "GET /static/app/scripts/jquery-1.10.2.js HTTP/1.1" 304 0
[08/Oct/2020 06:30:22] "POST /newcompile/ HTTP/1.1" 200 75
[08/Oct/2020 06:30:38] "GET /newcompile/ HTTP/1.1" 200 8906
[08/Oct/2020 06:30:38] "GET /static/app/scripts/modernizr-2.6.2.js HTTP/1.1" 304 0
[08/Oct/2020 06:30:38] "GET /static/app/scripts/jquery-1.10.2.js HTTP/1.1" 304 0
[08/Oct/2020 06:30:38] "GET /static/app/scripts/bootstrap.js HTTP/1.1" 304 0
[08/Oct/2020 06:30:38] "GET /static/app/scripts/jquery.min.js HTTP/1.1" 304 0
[08/Oct/2020 06:30:38] "GET /static/app/scripts/bootstrap.min.js HTTP/1.1" 304 0
[08/Oct/2020 06:30:38] "GET /static/app/scripts/respond.js HTTP/1.1" 304 0
[08/Oct/2020 06:30:41] "POST /newcompile/ HTTP/1.1" 200 75
[08/Oct/2020 06:30:57] "GET /newcompile/ HTTP/1.1" 200 8903
[08/Oct/2020 06:30:57] "GET /static/app/scripts/modernizr-2.6.2.js HTTP/1.1" 304 0
[08/Oct/2020 06:30:57] "GET /static/app/scripts/jquery-1.10.2.js HTTP/1.1" 304 0
[08/Oct/2020 06:30:57] "GET /static/app/scripts/bootstrap.js HTTP/1.1" 304 0
[08/Oct/2020 06:30:57] "GET /static/app/scripts/respond.js HTTP/1.1" 304 0
[08/Oct/2020 06:30:57] "GET /static/app/scripts/jquery.min.js HTTP/1.1" 304 0
[08/Oct/2020 06:30:57] "GET /static/app/scripts/bootstrap.min.js HTTP/1.1" 304 0
[08/Oct/2020 06:31:00] "POST /newcompile/ HTTP/1.1" 200 75
[08/Oct/2020 06:31:31] "GET /newcompile/ HTTP/1.1" 200 8912
[08/Oct/2020 06:31:31] "GET /static/app/scripts/modernizr-2.6.2.js HTTP/1.1" 304 0
[08/Oct/2020 06:31:31] "GET /static/app/scripts/respond.js HTTP/1.1" 304 0
[08/Oct/2020 06:31:31] "GET /static/app/scripts/bootstrap.js HTTP/1.1" 304 0
[08/Oct/2020 06:31:31] "GET /static/app/scripts/jquery.min.js HTTP/1.1" 304 0
[08/Oct/2020 06:31:31] "GET /static/app/scripts/jquery-1.10.2.js HTTP/1.1" 304 0
[08/Oct/2020 06:31:31] "GET /static/app/scripts/bootstrap.min.js HTTP/1.1" 304 0
[08/Oct/2020 06:31:33] "POST /newcompile/ HTTP/1.1" 200 75
[08/Oct/2020 06:31:41] "POST /newcompile/ HTTP/1.1" 200 75
[08/Oct/2020 06:32:07] "GET /newcompile/ HTTP/1.1" 200 8885
[08/Oct/2020 06:32:07] "GET /static/app/scripts/modernizr-2.6.2.js HTTP/1.1" 304 0
[08/Oct/2020 06:32:07] "GET /static/app/scripts/bootstrap.js HTTP/1.1" 304 0
[08/Oct/2020 06:32:07] "GET /static/app/scripts/jquery.min.js HTTP/1.1" 304 0
[08/Oct/2020 06:32:07] "GET /static/app/scripts/jquery-1.10.2.js HTTP/1.1" 304 0
[08/Oct/2020 06:32:07] "GET /static/app/scripts/respond.js HTTP/1.1" 304 0
[08/Oct/2020 06:32:07] "GET /static/app/scripts/bootstrap.min.js HTTP/1.1" 304 0
[08/Oct/2020 06:32:11] "POST /newcompile/ HTTP/1.1" 200 75
[08/Oct/2020 06:32:18] "GET /newcompile/ HTTP/1.1" 200 8879
[08/Oct/2020 06:32:18] "GET /static/app/scripts/modernizr-2.6.2.js HTTP/1.1" 304 0
[08/Oct/2020 06:32:18] "GET /static/app/scripts/jquery-1.10.2.js HTTP/1.1" 304 0
[08/Oct/2020 06:32:18] "GET /static/app/scripts/bootstrap.js HTTP/1.1" 304 0
[08/Oct/2020 06:32:18] "GET /static/app/scripts/jquery.min.js HTTP/1.1" 304 0
[08/Oct/2020 06:32:18] "GET /static/app/scripts/respond.js HTTP/1.1" 304 0
[08/Oct/2020 06:32:18] "GET /static/app/scripts/bootstrap.min.js HTTP/1.1" 304 0
[08/Oct/2020 06:32:22] "POST /newcompile/ HTTP/1.1" 200 75
[08/Oct/2020 06:32:40] "GET /newcompile/ HTTP/1.1" 200 8879
[08/Oct/2020 06:32:40] "GET /static/app/scripts/modernizr-2.6.2.js HTTP/1.1" 304 0
[08/Oct/2020 06:32:40] "GET /static/app/scripts/jquery.min.js HTTP/1.1" 304 0
[08/Oct/2020 06:32:40] "GET /static/app/scripts/respond.js HTTP/1.1" 304 0
[08/Oct/2020 06:32:40] "GET /static/app/scripts/jquery-1.10.2.js HTTP/1.1" 304 0
[08/Oct/2020 06:32:40] "GET /static/app/scripts/bootstrap.js HTTP/1.1" 304 0
[08/Oct/2020 06:32:40] "GET /static/app/scripts/bootstrap.min.js HTTP/1.1" 304 0
[08/Oct/2020 06:32:43] "POST /newcompile/ HTTP/1.1" 200 75
[08/Oct/2020 06:33:11] "GET /newcompile/ HTTP/1.1" 200 8885
[08/Oct/2020 06:33:11] "GET /static/app/scripts/modernizr-2.6.2.js HTTP/1.1" 304 0
[08/Oct/2020 06:33:11] "GET /static/app/scripts/jquery-1.10.2.js HTTP/1.1" 304 0
[08/Oct/2020 06:33:11] "GET /static/app/scripts/bootstrap.js HTTP/1.1" 304 0
[08/Oct/2020 06:33:11] "GET /static/app/scripts/bootstrap.min.js HTTP/1.1" 304 0
[08/Oct/2020 06:33:11] "GET /static/app/scripts/jquery.min.js HTTP/1.1" 304 0
[08/Oct/2020 06:33:11] "GET /static/app/scripts/respond.js HTTP/1.1" 304 0
[08/Oct/2020 06:33:14] "POST /newcompile/ HTTP/1.1" 200 75
[08/Oct/2020 06:33:26] "GET /newcompile/ HTTP/1.1" 200 8872
[08/Oct/2020 06:33:26] "GET /static/app/scripts/modernizr-2.6.2.js HTTP/1.1" 304 0
[08/Oct/2020 06:33:26] "GET /static/app/scripts/jquery-1.10.2.js HTTP/1.1" 304 0
[08/Oct/2020 06:33:26] "GET /static/app/scripts/bootstrap.min.js HTTP/1.1" 304 0
[08/Oct/2020 06:33:26] "GET /static/app/scripts/bootstrap.js HTTP/1.1" 304 0
[08/Oct/2020 06:33:26] "GET /static/app/scripts/respond.js HTTP/1.1" 304 0
[08/Oct/2020 06:33:26] "GET /static/app/scripts/jquery.min.js HTTP/1.1" 304 0
[08/Oct/2020 06:33:28] "POST /newcompile/ HTTP/1.1" 200 75
[08/Oct/2020 06:34:01] "GET /newcompile/ HTTP/1.1" 200 8882
[08/Oct/2020 06:34:01] "GET /static/app/scripts/modernizr-2.6.2.js HTTP/1.1" 304 0
[08/Oct/2020 06:34:01] "GET /static/app/scripts/bootstrap.js HTTP/1.1" 304 0
[08/Oct/2020 06:34:01] "GET /static/app/scripts/respond.js HTTP/1.1" 304 0
[08/Oct/2020 06:34:01] "GET /static/app/scripts/jquery.min.js HTTP/1.1" 304 0
[08/Oct/2020 06:34:01] "GET /static/app/scripts/jquery-1.10.2.js HTTP/1.1" 304 0
[08/Oct/2020 06:34:01] "GET /static/app/scripts/bootstrap.min.js HTTP/1.1" 304 0
[08/Oct/2020 06:34:04] "POST /newcompile/ HTTP/1.1" 200 75
[08/Oct/2020 06:35:20] "GET /newcompile/ HTTP/1.1" 200 8882
[08/Oct/2020 06:35:20] "GET /static/app/scripts/modernizr-2.6.2.js HTTP/1.1" 304 0
[08/Oct/2020 06:35:20] "GET /static/app/scripts/bootstrap.js HTTP/1.1" 304 0
[08/Oct/2020 06:35:20] "GET /static/app/scripts/bootstrap.min.js HTTP/1.1" 304 0
[08/Oct/2020 06:35:20] "GET /static/app/scripts/respond.js HTTP/1.1" 304 0
[08/Oct/2020 06:35:20] "GET /static/app/scripts/jquery-1.10.2.js HTTP/1.1" 304 0
[08/Oct/2020 06:35:20] "GET /static/app/scripts/jquery.min.js HTTP/1.1" 304 0
[08/Oct/2020 06:35:23] "POST /newcompile/ HTTP/1.1" 200 75
[08/Oct/2020 06:35:35] "GET /newcompile/ HTTP/1.1" 200 8879
[08/Oct/2020 06:35:35] "GET /static/app/scripts/modernizr-2.6.2.js HTTP/1.1" 304 0
[08/Oct/2020 06:35:35] "GET /static/app/scripts/jquery-1.10.2.js HTTP/1.1" 304 0
[08/Oct/2020 06:35:35] "GET /static/app/scripts/bootstrap.js HTTP/1.1" 304 0
[08/Oct/2020 06:35:35] "GET /static/app/scripts/respond.js HTTP/1.1" 304 0
[08/Oct/2020 06:35:35] "GET /static/app/scripts/bootstrap.min.js HTTP/1.1" 304 0
[08/Oct/2020 06:35:35] "GET /static/app/scripts/jquery.min.js HTTP/1.1" 304 0
[08/Oct/2020 06:35:38] "POST /newcompile/ HTTP/1.1" 200 75
[08/Oct/2020 06:36:46] "GET /newcompile/ HTTP/1.1" 200 8879
[08/Oct/2020 06:36:46] "GET /static/app/scripts/modernizr-2.6.2.js HTTP/1.1" 304 0
[08/Oct/2020 06:36:46] "GET /static/app/scripts/bootstrap.js HTTP/1.1" 304 0
[08/Oct/2020 06:36:46] "GET /static/app/scripts/respond.js HTTP/1.1" 304 0
[08/Oct/2020 06:36:46] "GET /static/app/scripts/jquery-1.10.2.js HTTP/1.1" 304 0
[08/Oct/2020 06:36:46] "GET /static/app/scripts/bootstrap.min.js HTTP/1.1" 304 0
[08/Oct/2020 06:36:46] "GET /static/app/scripts/jquery.min.js HTTP/1.1" 304 0
[08/Oct/2020 06:36:49] "POST /newcompile/ HTTP/1.1" 200 75
/home/aviox/CodeProve/app/views.py changed, reloading.
Performing system checks...

System check identified no issues (0 silenced).
October 08, 2020 - 06:14:20
Django version 3.1.2, using settings 'CodeProve.settings'
Starting development server at http://0:8000/
Quit the server with CONTROL-C.
<QueryDict: {'lang': ['python3,0'], 'source': ['print("hii")'], 'csrfmiddlewaretoken': ['ow45QcBDjaqrNgYbTi3e904bptqC8SibzJACd4W64anFzQnC5n4JB7zmWzboajRe']}>
<QueryDict: {'lang': ['python3,0'], 'source': ['print("hii")'], 'csrfmiddlewaretoken': ['ow45QcBDjaqrNgYbTi3e904bptqC8SibzJACd4W64anFzQnC5n4JB7zmWzboajRe']}>
<QueryDict: {'lang': ['python3,0'], 'source': ['print("hii")'], 'csrfmiddlewaretoken': ['UXMCkBhqUczmgHHtX8Na4CK5qJLVogZG5ai9HtCTFcwA2h6U9dOFwJfgXPwHqHyJ']}>
<QueryDict: {'lang': ['python3,0'], 'source': ['print("hii")'], 'csrfmiddlewaretoken': ['UXMCkBhqUczmgHHtX8Na4CK5qJLVogZG5ai9HtCTFcwA2h6U9dOFwJfgXPwHqHyJ']}>
<QueryDict: {'lang': ['python3,0'], 'source': ['print("hii")'], 'csrfmiddlewaretoken': ['UXMCkBhqUczmgHHtX8Na4CK5qJLVogZG5ai9HtCTFcwA2h6U9dOFwJfgXPwHqHyJ']}>
<QueryDict: {'lang': ['python3,0'], 'source': ['print("hii")'], 'csrfmiddlewaretoken': ['h0lxdfZ9gpiBxnCtCuCJa6UFM48pTdWksdR4A7kC1pfPjX1UOzDeCdpQjaTbVEvn']}>
<QueryDict: {'lang': ['python3,0'], 'source': ['print("hii")'], 'csrfmiddlewaretoken': ['kNJtwfg4YZ7d1PHCVx7mh7cEkm5DBEE2v0f0T7BxJZ4rNp637C8RJeHPRsQpD5d5']}>
<QueryDict: {'lang': ['python3,0'], 'source': ['print("hii")'], 'csrfmiddlewaretoken': ['kNJtwfg4YZ7d1PHCVx7mh7cEkm5DBEE2v0f0T7BxJZ4rNp637C8RJeHPRsQpD5d5']}>
<QueryDict: {'lang': ['python3,0'], 'source': ['print("hii")'], 'csrfmiddlewaretoken': ['kNJtwfg4YZ7d1PHCVx7mh7cEkm5DBEE2v0f0T7BxJZ4rNp637C8RJeHPRsQpD5d5']}>
<QueryDict: {'lang': ['python3,0'], 'source': ['print("hii")'], 'csrfmiddlewaretoken': ['6OEMG4Us2nEozmpxrqhYn4u8XmFE8BaKh1aj3WfVNnBClWOYDvitPbZjusqqa2JN']}>
<QueryDict: {'lang': ['python3,0'], 'source': ['print("hii")'], 'csrfmiddlewaretoken': ['6OEMG4Us2nEozmpxrqhYn4u8XmFE8BaKh1aj3WfVNnBClWOYDvitPbZjusqqa2JN']}>
<QueryDict: {'lang': ['python3,0'], 'source': ['print("hii")'], 'csrfmiddlewaretoken': ['6OEMG4Us2nEozmpxrqhYn4u8XmFE8BaKh1aj3WfVNnBClWOYDvitPbZjusqqa2JN']}>
<QueryDict: {'lang': ['python3,0'], 'source': ['print("hii")'], 'csrfmiddlewaretoken': ['6OEMG4Us2nEozmpxrqhYn4u8XmFE8BaKh1aj3WfVNnBClWOYDvitPbZjusqqa2JN']}>
<QueryDict: {'lang': ['python3,0'], 'source': ['print("hii")'], 'csrfmiddlewaretoken': ['6OEMG4Us2nEozmpxrqhYn4u8XmFE8BaKh1aj3WfVNnBClWOYDvitPbZjusqqa2JN']}>
<QueryDict: {'lang': ['python3,0'], 'source': ['print("hii")'], 'csrfmiddlewaretoken': ['6OEMG4Us2nEozmpxrqhYn4u8XmFE8BaKh1aj3WfVNnBClWOYDvitPbZjusqqa2JN']}>
<QueryDict: {'lang': ['python3,0'], 'source': ['print("hii")'], 'csrfmiddlewaretoken': ['6OEMG4Us2nEozmpxrqhYn4u8XmFE8BaKh1aj3WfVNnBClWOYDvitPbZjusqqa2JN']}>
<QueryDict: {'lang': ['python3,0'], 'source': ['print("hii")'], 'csrfmiddlewaretoken': ['6OEMG4Us2nEozmpxrqhYn4u8XmFE8BaKh1aj3WfVNnBClWOYDvitPbZjusqqa2JN']}>
<QueryDict: {'lang': ['python3,0'], 'source': ['print("hii")'], 'csrfmiddlewaretoken': ['6OEMG4Us2nEozmpxrqhYn4u8XmFE8BaKh1aj3WfVNnBClWOYDvitPbZjusqqa2JN']}>
<QueryDict: {'lang': ['python3,0'], 'source': ['print("hii")'], 'csrfmiddlewaretoken': ['6OEMG4Us2nEozmpxrqhYn4u8XmFE8BaKh1aj3WfVNnBClWOYDvitPbZjusqqa2JN']}>
<QueryDict: {'lang': ['python3,0'], 'source': ['print("hii")'], 'csrfmiddlewaretoken': ['6OEMG4Us2nEozmpxrqhYn4u8XmFE8BaKh1aj3WfVNnBClWOYDvitPbZjusqqa2JN']}>
<QueryDict: {'lang': ['python3,0'], 'source': ['print("hii")'], 'csrfmiddlewaretoken': ['tmBGG17ajdx4EvgpKvI1Ka2JJsp1tdSHEz7d3TsD4duiq5FQWAJwchxUgyaNvErK']}>
<QueryDict: {'lang': ['python3,0'], 'source': ['print("hii")'], 'csrfmiddlewaretoken': ['tmBGG17ajdx4EvgpKvI1Ka2JJsp1tdSHEz7d3TsD4duiq5FQWAJwchxUgyaNvErK']}>
<QueryDict: {'lang': ['python3,0'], 'source': ['print("hii")'], 'csrfmiddlewaretoken': ['lP6mfyXAGVeUL09Q3jxTcqzgh1lAPlt0w2CTCqi3rVb8xAyhfoyoEx4rO76mRM23']}>
<QueryDict: {'lang': ['python3,0'], 'source': ['print("hii")'], 'csrfmiddlewaretoken': ['ghnlar0YkTV7cqd1Wd8rWiXwRcEMsJaPruTSxjlr5TSlY0Cs8i9WopsHoipyuaJS']}>
<QueryDict: {'lang': ['python3,0'], 'source': ['print("hii")'], 'csrfmiddlewaretoken': ['ghnlar0YkTV7cqd1Wd8rWiXwRcEMsJaPruTSxjlr5TSlY0Cs8i9WopsHoipyuaJS']}>
<QueryDict: {'lang': ['python3,0'], 'source': ['print("hii")'], 'csrfmiddlewaretoken': ['ghnlar0YkTV7cqd1Wd8rWiXwRcEMsJaPruTSxjlr5TSlY0Cs8i9WopsHoipyuaJS']}>
<QueryDict: {'lang': ['python3,0'], 'source': ['print("hii")'], 'csrfmiddlewaretoken': ['aYyoXRsvxMgTadckFNBcXINT2ODjJd5flb4VkJNYiMd7WNBLRSCHpPi4zUo5LEEi']}>
<QueryDict: {'lang': ['python3,0'], 'source': ['print("hii")'], 'csrfmiddlewaretoken': ['D1xk67A07izP5I9R1FQXnu7YiyfkbZ0vOe3RtZVtSiw3RiyidKRsPBC9PE06dqzy']}>
<QueryDict: {'lang': ['python3,0'], 'source': ['print("hii")'], 'csrfmiddlewaretoken': ['N229w5dywBpQ2S7ChVZZcx7VjE05ilF6YfyGTXy1hBm4Osw3t00uEEC6QKLRkMe9']}>
<QueryDict: {'lang': ['python3,0'], 'source': ['print("hii")'], 'csrfmiddlewaretoken': ['sOgBbHPNAwYY9hqR92htFDuFAZeLbYnwD1M8yzaglwVcVRPil7iY7KZQ75ZxdpWz']}>
<QueryDict: {'lang': ['python3,0'], 'source': ['print("hii")'], 'csrfmiddlewaretoken': ['sOgBbHPNAwYY9hqR92htFDuFAZeLbYnwD1M8yzaglwVcVRPil7iY7KZQ75ZxdpWz']}>
<QueryDict: {'lang': ['python3,0'], 'source': ['print("hii")'], 'csrfmiddlewaretoken': ['B0TKqSoc5ryhDTbXXXbq8U8h3Lj6ItFgMdphNKJFQrvvptAo92cVA1DsAR4SKUej']}>
<QueryDict: {'lang': ['python3,0'], 'source': ['print("hii")'], 'csrfmiddlewaretoken': ['gY2GpZdtq3RzIqclFpK2UocJYvWnUZGXrbydMRyWb3ONu0BMRuLxmvHUvBH9Wqf0']}>
<QueryDict: {'lang': ['python3,0'], 'source': ['print("hii")'], 'csrfmiddlewaretoken': ['IDO7fcNzCu1LgljyH4RNoD3yEYzFpwi0TQkEC482nuYZ2VIZT9SiQKyJb4krrXR3']}>
<QueryDict: {'lang': ['python3,0'], 'source': ['print("hii")'], 'csrfmiddlewaretoken': ['uygnuix6bZ7l9xOKPcIORJCHZw2W6MsWFLMURaSzWZ4zV7db1hJjjQ7SwCNI8d1Z']}>
<QueryDict: {'lang': ['python3,0'], 'source': ['print("hii")'], 'csrfmiddlewaretoken': ['tnP56JBMA48qF6lBLLFkxfGuzbwNAUzkEAlCtBWfl45ErGK2XQGPZmbF6hhzCl8n']}>
<QueryDict: {'lang': ['python3,0'], 'source': ['print("hii")'], 'csrfmiddlewaretoken': ['bx1n0OmUY4dbGMT27F56ffX20tzBRzjWmKxUnGHnJ4apsmitjK6BHmsdxzknT0SZ']}>
<QueryDict: {'lang': ['python3,0'], 'source': ['print("hii")'], 'csrfmiddlewaretoken': ['maBSrZKlqYjVacw4qciA9L5q8nkLR0gFxn7pOR5ObYg9WMVvChj5BSABFt5xTrPI']}>
<QueryDict: {'lang': ['python3,0'], 'source': ['print("hii")'], 'csrfmiddlewaretoken': ['VICeEbIOBCQAjRJwzjB6ur9Rhrsux46d6V8L133hmCNO5r8XLoCBWyE2OxdgzvFg']}>
<QueryDict: {'lang': ['python3,0'], 'source': ['print("hii")'], 'csrfmiddlewaretoken': ['SbRAfGY4gqXLrLzZLEamJVEQhAqWSaCR3on7Cyjx1qUZdlYqXJbRb291OGbIUBbU']}>
Watching for file changes with StatReloader
Exception in thread django-main-thread:
Traceback (most recent call last):
  File "/usr/lib/python3.6/threading.py", line 916, in _bootstrap_inner
    self.run()
  File "/usr/lib/python3.6/threading.py", line 864, in run
    self._target(*self._args, **self._kwargs)
  File "/home/aviox/virtualenvs/codeprove/lib/python3.6/site-packages/django/utils/autoreload.py", line 53, in wrapper
    fn(*args, **kwargs)
  File "/home/aviox/virtualenvs/codeprove/lib/python3.6/site-packages/django/core/management/commands/runserver.py", line 118, in inner_run
    self.check(display_num_errors=True)
  File "/home/aviox/virtualenvs/codeprove/lib/python3.6/site-packages/django/core/management/base.py", line 396, in check
    databases=databases,
  File "/home/aviox/virtualenvs/codeprove/lib/python3.6/site-packages/django/core/checks/registry.py", line 70, in run_checks
    new_errors = check(app_configs=app_configs, databases=databases)
  File "/home/aviox/virtualenvs/codeprove/lib/python3.6/site-packages/django/core/checks/urls.py", line 40, in check_url_namespaces_unique
    all_namespaces = _load_all_namespaces(resolver)
  File "/home/aviox/virtualenvs/codeprove/lib/python3.6/site-packages/django/core/checks/urls.py", line 57, in _load_all_namespaces
    url_patterns = getattr(resolver, 'url_patterns', [])
  File "/home/aviox/virtualenvs/codeprove/lib/python3.6/site-packages/django/utils/functional.py", line 48, in __get__
    res = instance.__dict__[self.name] = self.func(instance)
  File "/home/aviox/virtualenvs/codeprove/lib/python3.6/site-packages/django/urls/resolvers.py", line 589, in url_patterns
    patterns = getattr(self.urlconf_module, "urlpatterns", self.urlconf_module)
  File "/home/aviox/virtualenvs/codeprove/lib/python3.6/site-packages/django/utils/functional.py", line 48, in __get__
    res = instance.__dict__[self.name] = self.func(instance)
  File "/home/aviox/virtualenvs/codeprove/lib/python3.6/site-packages/django/urls/resolvers.py", line 582, in urlconf_module
    return import_module(self.urlconf_name)
  File "/usr/lib/python3.6/importlib/__init__.py", line 126, in import_module
    return _bootstrap._gcd_import(name[level:], package, level)
  File "<frozen importlib._bootstrap>", line 994, in _gcd_import
  File "<frozen importlib._bootstrap>", line 971, in _find_and_load
  File "<frozen importlib._bootstrap>", line 955, in _find_and_load_unlocked
  File "<frozen importlib._bootstrap>", line 665, in _load_unlocked
  File "<frozen importlib._bootstrap_external>", line 678, in exec_module
  File "<frozen importlib._bootstrap>", line 219, in _call_with_frames_removed
  File "/home/aviox/CodeProve/CodeProve/urls.py", line 21, in <module>
    from app import views as user_views
  File "/home/aviox/CodeProve/app/views.py", line 43
    return JsonResponse(, safe=False)
                        ^
SyntaxError: invalid syntax

/home/aviox/CodeProve/app/views.py changed, reloading.
Performing system checks...

Watching for file changes with StatReloader
/home/aviox/CodeProve/app/views.py changed, reloading.
Performing system checks...

System check identified no issues (0 silenced).
October 08, 2020 - 06:39:32
Django version 3.1.2, using settings 'CodeProve.settings'
Starting development server at http://0:8000/
Quit the server with CONTROL-C.
Watching for file changes with StatReloader
[08/Oct/2020 06:40:14] "POST /newcompile/ HTTP/1.1" 200 75
[08/Oct/2020 06:40:25] "POST /newcompile/ HTTP/1.1" 200 77
[08/Oct/2020 06:41:02] "GET /newcompile/ HTTP/1.1" 200 8879
[08/Oct/2020 06:41:02] "GET /static/app/scripts/modernizr-2.6.2.js HTTP/1.1" 304 0
[08/Oct/2020 06:41:02] "GET /static/app/scripts/jquery-1.10.2.js HTTP/1.1" 304 0
[08/Oct/2020 06:41:02] "GET /static/app/scripts/bootstrap.js HTTP/1.1" 304 0
[08/Oct/2020 06:41:02] "GET /static/app/scripts/bootstrap.min.js HTTP/1.1" 304 0
[08/Oct/2020 06:41:02] "GET /static/app/scripts/jquery.min.js HTTP/1.1" 304 0
[08/Oct/2020 06:41:02] "GET /static/app/scripts/respond.js HTTP/1.1" 304 0
[08/Oct/2020 06:41:05] "POST /newcompile/ HTTP/1.1" 200 77
/home/aviox/CodeProve/CodeProve/settings.py changed, reloading.
Performing system checks...

System check identified no issues (0 silenced).
October 08, 2020 - 06:40:09
Django version 3.1.2, using settings 'CodeProve.settings'
Starting development server at http://0:8000/
Quit the server with CONTROL-C.
<QueryDict: {'lang': ['python3,0'], 'source': ['print("hii")'], 'csrfmiddlewaretoken': ['SbRAfGY4gqXLrLzZLEamJVEQhAqWSaCR3on7Cyjx1qUZdlYqXJbRb291OGbIUBbU']}>
{'output': 'hii\n', 'statusCode': 200, 'memory': '5276', 'cpuTime': '0.02'}
<QueryDict: {'lang': ['python3,0'], 'source': ['print("hello")'], 'csrfmiddlewaretoken': ['SbRAfGY4gqXLrLzZLEamJVEQhAqWSaCR3on7Cyjx1qUZdlYqXJbRb291OGbIUBbU']}>
{'output': 'hello\n', 'statusCode': 200, 'memory': '5288', 'cpuTime': '0.02'}
<QueryDict: {'lang': ['python3,0'], 'source': ['print("hello")'], 'csrfmiddlewaretoken': ['ybaMq0cmpweWsn9tvZ7FK5rxHbSjLrSSJoGjNSxPawbaeXyUH48accWIehD5NSrV']}>
{'output': 'hello\n', 'statusCode': 200, 'memory': '5256', 'cpuTime': '0.03'}
Watching for file changes with StatReloader
/home/aviox/CodeProve/CodeProve/settings.py changed, reloading.
Performing system checks...

System check identified no issues (0 silenced).
October 08, 2020 - 06:41:30
Django version 3.1.2, using settings 'CodeProve.settings'
Starting development server at http://0:8000/
Quit the server with CONTROL-C.
Watching for file changes with StatReloader
/home/aviox/CodeProve/app/views.py changed, reloading.
Performing system checks...

System check identified no issues (0 silenced).
October 08, 2020 - 06:41:41
Django version 3.1.2, using settings 'CodeProve.settings'
Starting development server at http://0:8000/
Quit the server with CONTROL-C.
Watching for file changes with StatReloader
/home/aviox/CodeProve/app/views.py changed, reloading.
Performing system checks...

System check identified no issues (0 silenced).
October 08, 2020 - 06:46:02
Django version 3.1.2, using settings 'CodeProve.settings'
Starting development server at http://0:8000/
Quit the server with CONTROL-C.
Watching for file changes with StatReloader
/home/aviox/CodeProve/app/views.py changed, reloading.
Performing system checks...

System check identified no issues (0 silenced).
October 08, 2020 - 06:47:08
Django version 3.1.2, using settings 'CodeProve.settings'
Starting development server at http://0:8000/
Quit the server with CONTROL-C.
Watching for file changes with StatReloader
/home/aviox/CodeProve/app/views.py changed, reloading.
Performing system checks...

System check identified no issues (0 silenced).
October 08, 2020 - 06:47:16
Django version 3.1.2, using settings 'CodeProve.settings'
Starting development server at http://0:8000/
Quit the server with CONTROL-C.
Watching for file changes with StatReloader
/home/aviox/CodeProve/app/views.py changed, reloading.
Performing system checks...

System check identified no issues (0 silenced).
October 08, 2020 - 06:52:33
Django version 3.1.2, using settings 'CodeProve.settings'
Starting development server at http://0:8000/
Quit the server with CONTROL-C.
Watching for file changes with StatReloader
/home/aviox/CodeProve/app/views.py changed, reloading.
Performing system checks...

System check identified no issues (0 silenced).
October 08, 2020 - 06:52:35
Django version 3.1.2, using settings 'CodeProve.settings'
Starting development server at http://0:8000/
Quit the server with CONTROL-C.
Watching for file changes with StatReloader
/home/aviox/CodeProve/app/views.py changed, reloading.
Performing system checks...

System check identified no issues (0 silenced).
October 08, 2020 - 06:53:03
Django version 3.1.2, using settings 'CodeProve.settings'
Starting development server at http://0:8000/
Quit the server with CONTROL-C.
Watching for file changes with StatReloader
/home/aviox/CodeProve/app/views.py changed, reloading.
Performing system checks...

System check identified no issues (0 silenced).
October 08, 2020 - 06:53:26
Django version 3.1.2, using settings 'CodeProve.settings'
Starting development server at http://0:8000/
Quit the server with CONTROL-C.
Watching for file changes with StatReloader
/home/aviox/CodeProve/app/views.py changed, reloading.
Performing system checks...

System check identified no issues (0 silenced).
October 08, 2020 - 06:55:26
Django version 3.1.2, using settings 'CodeProve.settings'
Starting development server at http://0:8000/
Quit the server with CONTROL-C.
Watching for file changes with StatReloader
/home/aviox/CodeProve/app/views.py changed, reloading.
Performing system checks...

System check identified no issues (0 silenced).
October 08, 2020 - 06:56:55
Django version 3.1.2, using settings 'CodeProve.settings'
Starting development server at http://0:8000/
Quit the server with CONTROL-C.
Watching for file changes with StatReloader
/home/aviox/CodeProve/app/views.py changed, reloading.
Performing system checks...

System check identified no issues (0 silenced).
October 08, 2020 - 06:57:07
Django version 3.1.2, using settings 'CodeProve.settings'
Starting development server at http://0:8000/
Quit the server with CONTROL-C.
Watching for file changes with StatReloader
/home/aviox/CodeProve/app/views.py changed, reloading.
Performing system checks...

System check identified no issues (0 silenced).
October 08, 2020 - 06:57:30
Django version 3.1.2, using settings 'CodeProve.settings'
Starting development server at http://0:8000/
Quit the server with CONTROL-C.
Watching for file changes with StatReloader
/home/aviox/CodeProve/app/views.py changed, reloading.
Performing system checks...

System check identified no issues (0 silenced).
October 08, 2020 - 06:57:36
Django version 3.1.2, using settings 'CodeProve.settings'
Starting development server at http://0:8000/
Quit the server with CONTROL-C.
Watching for file changes with StatReloader
/home/aviox/CodeProve/app/views.py changed, reloading.
Performing system checks...

System check identified no issues (0 silenced).
October 08, 2020 - 06:58:48
Django version 3.1.2, using settings 'CodeProve.settings'
Starting development server at http://0:8000/
Quit the server with CONTROL-C.
Watching for file changes with StatReloader
/home/aviox/CodeProve/app/views.py changed, reloading.
Performing system checks...

System check identified no issues (0 silenced).
October 08, 2020 - 06:59:19
Django version 3.1.2, using settings 'CodeProve.settings'
Starting development server at http://0:8000/
Quit the server with CONTROL-C.
Watching for file changes with StatReloader
/home/aviox/CodeProve/app/views.py changed, reloading.
Performing system checks...

System check identified no issues (0 silenced).
October 08, 2020 - 06:59:47
Django version 3.1.2, using settings 'CodeProve.settings'
Starting development server at http://0:8000/
Quit the server with CONTROL-C.
Watching for file changes with StatReloader
/home/aviox/CodeProve/app/views.py changed, reloading.
Performing system checks...

System check identified no issues (0 silenced).
October 08, 2020 - 07:00:12
Django version 3.1.2, using settings 'CodeProve.settings'
Starting development server at http://0:8000/
Quit the server with CONTROL-C.
Watching for file changes with StatReloader
/home/aviox/CodeProve/app/views.py changed, reloading.
Performing system checks...

System check identified no issues (0 silenced).
October 08, 2020 - 07:01:09
Django version 3.1.2, using settings 'CodeProve.settings'
Starting development server at http://0:8000/
Quit the server with CONTROL-C.
Watching for file changes with StatReloader
/home/aviox/CodeProve/app/views.py changed, reloading.
Performing system checks...

System check identified no issues (0 silenced).
October 08, 2020 - 07:01:27
Django version 3.1.2, using settings 'CodeProve.settings'
Starting development server at http://0:8000/
Quit the server with CONTROL-C.
Watching for file changes with StatReloader
/home/aviox/CodeProve/app/views.py changed, reloading.
Performing system checks...

System check identified no issues (0 silenced).
October 08, 2020 - 07:02:26
Django version 3.1.2, using settings 'CodeProve.settings'
Starting development server at http://0:8000/
Quit the server with CONTROL-C.
Watching for file changes with StatReloader
/home/aviox/CodeProve/app/views.py changed, reloading.
Performing system checks...

System check identified no issues (0 silenced).
October 08, 2020 - 07:03:02
Django version 3.1.2, using settings 'CodeProve.settings'
Starting development server at http://0:8000/
Quit the server with CONTROL-C.
Watching for file changes with StatReloader
/home/aviox/CodeProve/app/views.py changed, reloading.
Performing system checks...

System check identified no issues (0 silenced).
October 08, 2020 - 07:03:16
Django version 3.1.2, using settings 'CodeProve.settings'
Starting development server at http://0:8000/
Quit the server with CONTROL-C.
Watching for file changes with StatReloader
/home/aviox/CodeProve/app/views.py changed, reloading.
Performing system checks...

System check identified no issues (0 silenced).
October 08, 2020 - 07:14:42
Django version 3.1.2, using settings 'CodeProve.settings'
Starting development server at http://0:8000/
Quit the server with CONTROL-C.
Watching for file changes with StatReloader
/home/aviox/CodeProve/app/views.py changed, reloading.
Performing system checks...

System check identified no issues (0 silenced).
October 08, 2020 - 07:15:08
Django version 3.1.2, using settings 'CodeProve.settings'
Starting development server at http://0:8000/
Quit the server with CONTROL-C.
Watching for file changes with StatReloader
/home/aviox/CodeProve/app/views.py changed, reloading.
Performing system checks...

System check identified no issues (0 silenced).
October 08, 2020 - 07:15:11
Django version 3.1.2, using settings 'CodeProve.settings'
Starting development server at http://0:8000/
Quit the server with CONTROL-C.
Watching for file changes with StatReloader
/home/aviox/CodeProve/app/views.py changed, reloading.
Performing system checks...

System check identified no issues (0 silenced).
October 08, 2020 - 07:21:45
Django version 3.1.2, using settings 'CodeProve.settings'
Starting development server at http://0:8000/
Quit the server with CONTROL-C.
Watching for file changes with StatReloader
/home/aviox/CodeProve/app/views.py changed, reloading.
Performing system checks...

System check identified no issues (0 silenced).
October 08, 2020 - 07:21:48
Django version 3.1.2, using settings 'CodeProve.settings'
Starting development server at http://0:8000/
Quit the server with CONTROL-C.
Watching for file changes with StatReloader
/home/aviox/CodeProve/app/views.py changed, reloading.
Performing system checks...

System check identified no issues (0 silenced).
October 08, 2020 - 07:21:53
Django version 3.1.2, using settings 'CodeProve.settings'
Starting development server at http://0:8000/
Quit the server with CONTROL-C.
Watching for file changes with StatReloader
/home/aviox/CodeProve/app/views.py changed, reloading.
Performing system checks...

System check identified no issues (0 silenced).
October 08, 2020 - 07:21:59
Django version 3.1.2, using settings 'CodeProve.settings'
Starting development server at http://0:8000/
Quit the server with CONTROL-C.
Watching for file changes with StatReloader
/home/aviox/CodeProve/app/views.py changed, reloading.
Performing system checks...

System check identified no issues (0 silenced).
October 08, 2020 - 07:22:23
Django version 3.1.2, using settings 'CodeProve.settings'
Starting development server at http://0:8000/
Quit the server with CONTROL-C.
Watching for file changes with StatReloader
/home/aviox/CodeProve/app/views.py changed, reloading.
Performing system checks...

System check identified no issues (0 silenced).
October 08, 2020 - 07:22:35
Django version 3.1.2, using settings 'CodeProve.settings'
Starting development server at http://0:8000/
Quit the server with CONTROL-C.
Watching for file changes with StatReloader
/home/aviox/CodeProve/app/views.py changed, reloading.
Performing system checks...

System check identified no issues (0 silenced).
October 08, 2020 - 07:23:11
Django version 3.1.2, using settings 'CodeProve.settings'
Starting development server at http://0:8000/
Quit the server with CONTROL-C.
Watching for file changes with StatReloader
/home/aviox/CodeProve/app/views.py changed, reloading.
Performing system checks...

System check identified no issues (0 silenced).
October 08, 2020 - 07:23:21
Django version 3.1.2, using settings 'CodeProve.settings'
Starting development server at http://0:8000/
Quit the server with CONTROL-C.
Watching for file changes with StatReloader
/home/aviox/CodeProve/app/models.py changed, reloading.
Performing system checks...

System check identified no issues (0 silenced).
October 08, 2020 - 07:24:09
Django version 3.1.2, using settings 'CodeProve.settings'
Starting development server at http://0:8000/
Quit the server with CONTROL-C.
Watching for file changes with StatReloader
/home/aviox/CodeProve/app/views.py changed, reloading.
Performing system checks...

System check identified no issues (0 silenced).
October 08, 2020 - 07:26:59
Django version 3.1.2, using settings 'CodeProve.settings'
Starting development server at http://0:8000/
Quit the server with CONTROL-C.
Watching for file changes with StatReloader
/home/aviox/CodeProve/app/views.py changed, reloading.
Performing system checks...

System check identified no issues (0 silenced).
October 08, 2020 - 07:27:11
Django version 3.1.2, using settings 'CodeProve.settings'
Starting development server at http://0:8000/
Quit the server with CONTROL-C.
Watching for file changes with StatReloader
/home/aviox/CodeProve/app/views.py changed, reloading.
Performing system checks...

System check identified no issues (0 silenced).
October 08, 2020 - 07:27:51
Django version 3.1.2, using settings 'CodeProve.settings'
Starting development server at http://0:8000/
Quit the server with CONTROL-C.
Watching for file changes with StatReloader
/home/aviox/CodeProve/app/views.py changed, reloading.
Performing system checks...

System check identified no issues (0 silenced).
October 08, 2020 - 07:28:12
Django version 3.1.2, using settings 'CodeProve.settings'
Starting development server at http://0:8000/
Quit the server with CONTROL-C.
Watching for file changes with StatReloader
/home/aviox/CodeProve/app/views.py changed, reloading.
Performing system checks...

System check identified no issues (0 silenced).
October 08, 2020 - 07:28:44
Django version 3.1.2, using settings 'CodeProve.settings'
Starting development server at http://0:8000/
Quit the server with CONTROL-C.
Watching for file changes with StatReloader
/home/aviox/CodeProve/app/views.py changed, reloading.
Performing system checks...

System check identified no issues (0 silenced).
October 08, 2020 - 07:29:12
Django version 3.1.2, using settings 'CodeProve.settings'
Starting development server at http://0:8000/
Quit the server with CONTROL-C.
Watching for file changes with StatReloader
/home/aviox/CodeProve/app/views.py changed, reloading.
Performing system checks...

System check identified no issues (0 silenced).
October 08, 2020 - 07:33:25
Django version 3.1.2, using settings 'CodeProve.settings'
Starting development server at http://0:8000/
Quit the server with CONTROL-C.
Watching for file changes with StatReloader
/home/aviox/CodeProve/app/views.py changed, reloading.
Performing system checks...

System check identified no issues (0 silenced).
October 08, 2020 - 07:33:27
Django version 3.1.2, using settings 'CodeProve.settings'
Starting development server at http://0:8000/
Quit the server with CONTROL-C.
Watching for file changes with StatReloader
/home/aviox/CodeProve/app/views.py changed, reloading.
Performing system checks...

System check identified no issues (0 silenced).
October 08, 2020 - 07:33:34
Django version 3.1.2, using settings 'CodeProve.settings'
Starting development server at http://0:8000/
Quit the server with CONTROL-C.
Watching for file changes with StatReloader
/home/aviox/CodeProve/app/views.py changed, reloading.
Performing system checks...

System check identified no issues (0 silenced).
October 08, 2020 - 07:34:50
Django version 3.1.2, using settings 'CodeProve.settings'
Starting development server at http://0:8000/
Quit the server with CONTROL-C.
Watching for file changes with StatReloader
/home/aviox/CodeProve/app/views.py changed, reloading.
Performing system checks...

System check identified no issues (0 silenced).
October 08, 2020 - 07:37:04
Django version 3.1.2, using settings 'CodeProve.settings'
Starting development server at http://0:8000/
Quit the server with CONTROL-C.
Watching for file changes with StatReloader
/home/aviox/CodeProve/app/views.py changed, reloading.
Performing system checks...

System check identified no issues (0 silenced).
October 08, 2020 - 07:37:10
Django version 3.1.2, using settings 'CodeProve.settings'
Starting development server at http://0:8000/
Quit the server with CONTROL-C.
Watching for file changes with StatReloader
/home/aviox/CodeProve/app/views.py changed, reloading.
Performing system checks...

System check identified no issues (0 silenced).
October 08, 2020 - 07:38:09
Django version 3.1.2, using settings 'CodeProve.settings'
Starting development server at http://0:8000/
Quit the server with CONTROL-C.
Watching for file changes with StatReloader
/home/aviox/CodeProve/app/views.py changed, reloading.
Performing system checks...

System check identified no issues (0 silenced).
October 08, 2020 - 07:38:17
Django version 3.1.2, using settings 'CodeProve.settings'
Starting development server at http://0:8000/
Quit the server with CONTROL-C.
Watching for file changes with StatReloader
/home/aviox/CodeProve/app/views.py changed, reloading.
Performing system checks...

System check identified no issues (0 silenced).
October 08, 2020 - 07:38:21
Django version 3.1.2, using settings 'CodeProve.settings'
Starting development server at http://0:8000/
Quit the server with CONTROL-C.
Watching for file changes with StatReloader
/home/aviox/CodeProve/app/views.py changed, reloading.
Performing system checks...

System check identified no issues (0 silenced).
October 08, 2020 - 07:39:22
Django version 3.1.2, using settings 'CodeProve.settings'
Starting development server at http://0:8000/
Quit the server with CONTROL-C.
Watching for file changes with StatReloader
/home/aviox/CodeProve/app/views.py changed, reloading.
Performing system checks...

System check identified no issues (0 silenced).
October 08, 2020 - 07:39:39
Django version 3.1.2, using settings 'CodeProve.settings'
Starting development server at http://0:8000/
Quit the server with CONTROL-C.
Watching for file changes with StatReloader
/home/aviox/CodeProve/app/views.py changed, reloading.
Performing system checks...

System check identified no issues (0 silenced).
October 08, 2020 - 07:40:06
Django version 3.1.2, using settings 'CodeProve.settings'
Starting development server at http://0:8000/
Quit the server with CONTROL-C.
Watching for file changes with StatReloader
/home/aviox/CodeProve/app/views.py changed, reloading.
Performing system checks...

System check identified no issues (0 silenced).
October 08, 2020 - 07:40:22
Django version 3.1.2, using settings 'CodeProve.settings'
Starting development server at http://0:8000/
Quit the server with CONTROL-C.
Watching for file changes with StatReloader
/home/aviox/CodeProve/app/views.py changed, reloading.
Performing system checks...

System check identified no issues (0 silenced).
October 08, 2020 - 07:40:46
Django version 3.1.2, using settings 'CodeProve.settings'
Starting development server at http://0:8000/
Quit the server with CONTROL-C.
Watching for file changes with StatReloader
/home/aviox/CodeProve/app/views.py changed, reloading.
Performing system checks...

System check identified no issues (0 silenced).
October 08, 2020 - 07:43:53
Django version 3.1.2, using settings 'CodeProve.settings'
Starting development server at http://0:8000/
Quit the server with CONTROL-C.
Watching for file changes with StatReloader
/home/aviox/CodeProve/app/views.py changed, reloading.
Performing system checks...

System check identified no issues (0 silenced).
October 08, 2020 - 07:44:26
Django version 3.1.2, using settings 'CodeProve.settings'
Starting development server at http://0:8000/
Quit the server with CONTROL-C.
Watching for file changes with StatReloader
/home/aviox/CodeProve/app/views.py changed, reloading.
Performing system checks...

System check identified no issues (0 silenced).
October 08, 2020 - 07:44:41
Django version 3.1.2, using settings 'CodeProve.settings'
Starting development server at http://0:8000/
Quit the server with CONTROL-C.
Watching for file changes with StatReloader
/home/aviox/CodeProve/app/views.py changed, reloading.
Performing system checks...

System check identified no issues (0 silenced).
October 08, 2020 - 07:45:24
Django version 3.1.2, using settings 'CodeProve.settings'
Starting development server at http://0:8000/
Quit the server with CONTROL-C.
Watching for file changes with StatReloader
/home/aviox/CodeProve/app/views.py changed, reloading.
Performing system checks...

System check identified no issues (0 silenced).
October 08, 2020 - 07:45:35
Django version 3.1.2, using settings 'CodeProve.settings'
Starting development server at http://0:8000/
Quit the server with CONTROL-C.
Watching for file changes with StatReloader
/home/aviox/CodeProve/app/views.py changed, reloading.
Performing system checks...

System check identified no issues (0 silenced).
October 08, 2020 - 07:45:42
Django version 3.1.2, using settings 'CodeProve.settings'
Starting development server at http://0:8000/
Quit the server with CONTROL-C.
Watching for file changes with StatReloader
/home/aviox/CodeProve/app/views.py changed, reloading.
Performing system checks...

System check identified no issues (0 silenced).
October 08, 2020 - 07:46:08
Django version 3.1.2, using settings 'CodeProve.settings'
Starting development server at http://0:8000/
Quit the server with CONTROL-C.
Watching for file changes with StatReloader
/home/aviox/CodeProve/app/views.py changed, reloading.
Performing system checks...

System check identified no issues (0 silenced).
October 08, 2020 - 07:46:49
Django version 3.1.2, using settings 'CodeProve.settings'
Starting development server at http://0:8000/
Quit the server with CONTROL-C.
Watching for file changes with StatReloader
/home/aviox/CodeProve/app/views.py changed, reloading.
Performing system checks...

System check identified no issues (0 silenced).
October 08, 2020 - 07:48:51
Django version 3.1.2, using settings 'CodeProve.settings'
Starting development server at http://0:8000/
Quit the server with CONTROL-C.
Watching for file changes with StatReloader
/home/aviox/CodeProve/app/views.py changed, reloading.
Performing system checks...

System check identified no issues (0 silenced).
October 08, 2020 - 07:48:59
Django version 3.1.2, using settings 'CodeProve.settings'
Starting development server at http://0:8000/
Quit the server with CONTROL-C.
Watching for file changes with StatReloader
/home/aviox/CodeProve/app/views.py changed, reloading.
Performing system checks...

System check identified no issues (0 silenced).
October 08, 2020 - 07:49:41
Django version 3.1.2, using settings 'CodeProve.settings'
Starting development server at http://0:8000/
Quit the server with CONTROL-C.
Watching for file changes with StatReloader
/home/aviox/CodeProve/app/views.py changed, reloading.
Performing system checks...

System check identified no issues (0 silenced).
October 08, 2020 - 07:52:03
Django version 3.1.2, using settings 'CodeProve.settings'
Starting development server at http://0:8000/
Quit the server with CONTROL-C.
Watching for file changes with StatReloader
/home/aviox/CodeProve/app/views.py changed, reloading.
Performing system checks...

System check identified no issues (0 silenced).
October 08, 2020 - 07:52:31
Django version 3.1.2, using settings 'CodeProve.settings'
Starting development server at http://0:8000/
Quit the server with CONTROL-C.
Watching for file changes with StatReloader
/home/aviox/CodeProve/app/views.py changed, reloading.
Performing system checks...

System check identified no issues (0 silenced).
October 08, 2020 - 07:52:36
Django version 3.1.2, using settings 'CodeProve.settings'
Starting development server at http://0:8000/
Quit the server with CONTROL-C.
Watching for file changes with StatReloader
/home/aviox/CodeProve/app/views.py changed, reloading.
Performing system checks...

System check identified no issues (0 silenced).
October 08, 2020 - 07:52:58
Django version 3.1.2, using settings 'CodeProve.settings'
Starting development server at http://0:8000/
Quit the server with CONTROL-C.
Watching for file changes with StatReloader
/home/aviox/CodeProve/app/views.py changed, reloading.
Performing system checks...

System check identified no issues (0 silenced).
October 08, 2020 - 07:53:19
Django version 3.1.2, using settings 'CodeProve.settings'
Starting development server at http://0:8000/
Quit the server with CONTROL-C.
Watching for file changes with StatReloader
/home/aviox/CodeProve/app/views.py changed, reloading.
Performing system checks...

System check identified no issues (0 silenced).
October 08, 2020 - 07:54:03
Django version 3.1.2, using settings 'CodeProve.settings'
Starting development server at http://0:8000/
Quit the server with CONTROL-C.
Watching for file changes with StatReloader
/home/aviox/CodeProve/app/views.py changed, reloading.
Performing system checks...

System check identified no issues (0 silenced).
October 08, 2020 - 07:54:50
Django version 3.1.2, using settings 'CodeProve.settings'
Starting development server at http://0:8000/
Quit the server with CONTROL-C.
Watching for file changes with StatReloader
/home/aviox/CodeProve/app/views.py changed, reloading.
Performing system checks...

System check identified no issues (0 silenced).
October 08, 2020 - 08:00:04
Django version 3.1.2, using settings 'CodeProve.settings'
Starting development server at http://0:8000/
Quit the server with CONTROL-C.
Watching for file changes with StatReloader
/home/aviox/CodeProve/app/views.py changed, reloading.
Performing system checks...

System check identified no issues (0 silenced).
October 08, 2020 - 08:05:49
Django version 3.1.2, using settings 'CodeProve.settings'
Starting development server at http://0:8000/
Quit the server with CONTROL-C.
Watching for file changes with StatReloader
/home/aviox/CodeProve/app/views.py changed, reloading.
Performing system checks...

System check identified no issues (0 silenced).
October 08, 2020 - 08:06:18
Django version 3.1.2, using settings 'CodeProve.settings'
Starting development server at http://0:8000/
Quit the server with CONTROL-C.
Watching for file changes with StatReloader
/home/aviox/CodeProve/app/views.py changed, reloading.
Performing system checks...

System check identified no issues (0 silenced).
October 08, 2020 - 08:21:19
Django version 3.1.2, using settings 'CodeProve.settings'
Starting development server at http://0:8000/
Quit the server with CONTROL-C.
Watching for file changes with StatReloader
/home/aviox/CodeProve/app/views.py changed, reloading.
Performing system checks...

System check identified no issues (0 silenced).
October 08, 2020 - 08:21:48
Django version 3.1.2, using settings 'CodeProve.settings'
Starting development server at http://0:8000/
Quit the server with CONTROL-C.
Watching for file changes with StatReloader
/home/aviox/CodeProve/app/views.py changed, reloading.
Performing system checks...

System check identified no issues (0 silenced).
October 08, 2020 - 09:06:11
Django version 3.1.2, using settings 'CodeProve.settings'
Starting development server at http://0:8000/
Quit the server with CONTROL-C.
Watching for file changes with StatReloader
/home/aviox/CodeProve/app/views.py changed, reloading.
Performing system checks...

System check identified no issues (0 silenced).
October 08, 2020 - 09:07:09
Django version 3.1.2, using settings 'CodeProve.settings'
Starting development server at http://0:8000/
Quit the server with CONTROL-C.
Watching for file changes with StatReloader
/home/aviox/CodeProve/app/views.py changed, reloading.
Performing system checks...

System check identified no issues (0 silenced).
October 08, 2020 - 09:07:25
Django version 3.1.2, using settings 'CodeProve.settings'
Starting development server at http://0:8000/
Quit the server with CONTROL-C.
Watching for file changes with StatReloader
/home/aviox/CodeProve/app/views.py changed, reloading.
Performing system checks...

System check identified no issues (0 silenced).
October 08, 2020 - 09:07:40
Django version 3.1.2, using settings 'CodeProve.settings'
Starting development server at http://0:8000/
Quit the server with CONTROL-C.
Watching for file changes with StatReloader
/home/aviox/CodeProve/app/views.py changed, reloading.
Performing system checks...

System check identified no issues (0 silenced).
October 08, 2020 - 09:28:31
Django version 3.1.2, using settings 'CodeProve.settings'
Starting development server at http://0:8000/
Quit the server with CONTROL-C.
Watching for file changes with StatReloader
/home/aviox/CodeProve/app/views.py changed, reloading.
Performing system checks...

System check identified no issues (0 silenced).
October 08, 2020 - 09:29:03
Django version 3.1.2, using settings 'CodeProve.settings'
Starting development server at http://0:8000/
Quit the server with CONTROL-C.
Watching for file changes with StatReloader
/home/aviox/CodeProve/app/views.py changed, reloading.
Performing system checks...

System check identified no issues (0 silenced).
October 08, 2020 - 09:30:54
Django version 3.1.2, using settings 'CodeProve.settings'
Starting development server at http://0:8000/
Quit the server with CONTROL-C.
Watching for file changes with StatReloader
/home/aviox/CodeProve/app/views.py changed, reloading.
Performing system checks...

System check identified no issues (0 silenced).
October 08, 2020 - 09:31:31
Django version 3.1.2, using settings 'CodeProve.settings'
Starting development server at http://0:8000/
Quit the server with CONTROL-C.
Watching for file changes with StatReloader
/home/aviox/CodeProve/app/views.py changed, reloading.
Performing system checks...

System check identified no issues (0 silenced).
October 08, 2020 - 09:31:53
Django version 3.1.2, using settings 'CodeProve.settings'
Starting development server at http://0:8000/
Quit the server with CONTROL-C.
Watching for file changes with StatReloader
/home/aviox/CodeProve/app/models.py changed, reloading.
Performing system checks...

System check identified no issues (0 silenced).
October 08, 2020 - 09:32:25
Django version 3.1.2, using settings 'CodeProve.settings'
Starting development server at http://0:8000/
Quit the server with CONTROL-C.
Watching for file changes with StatReloader
/home/aviox/CodeProve/CodeProve/settings.py changed, reloading.
Performing system checks...

System check identified no issues (0 silenced).
October 08, 2020 - 09:34:58
Django version 3.1.2, using settings 'CodeProve.settings'
Starting development server at http://0:8000/
Quit the server with CONTROL-C.
Watching for file changes with StatReloader
/home/aviox/CodeProve/CodeProve/settings.py changed, reloading.
Performing system checks...

System check identified no issues (0 silenced).
October 08, 2020 - 10:14:05
Django version 3.1.2, using settings 'CodeProve.settings'
Starting development server at http://0:8000/
Quit the server with CONTROL-C.
Watching for file changes with StatReloader
/home/aviox/CodeProve/CodeProve/settings.py changed, reloading.
Performing system checks...

System check identified no issues (0 silenced).
October 08, 2020 - 10:19:47
Django version 3.1.2, using settings 'CodeProve.settings'
Starting development server at http://0:8000/
Quit the server with CONTROL-C.
Watching for file changes with StatReloader
/home/aviox/CodeProve/CodeProve/settings.py changed, reloading.
Performing system checks...

System check identified no issues (0 silenced).
October 08, 2020 - 10:24:55
Django version 3.1.2, using settings 'CodeProve.settings'
Starting development server at http://0:8000/
Quit the server with CONTROL-C.
Watching for file changes with StatReloader
/home/aviox/CodeProve/CodeProve/settings.py changed, reloading.
Performing system checks...

System check identified no issues (0 silenced).
October 08, 2020 - 10:33:33
Django version 3.1.2, using settings 'CodeProve.settings'
Starting development server at http://0:8000/
Quit the server with CONTROL-C.
Watching for file changes with StatReloader
/home/aviox/CodeProve/CodeProve/settings.py changed, reloading.
Performing system checks...

System check identified no issues (0 silenced).
October 08, 2020 - 10:34:24
Django version 3.1.2, using settings 'CodeProve.settings'
Starting development server at http://0:8000/
Quit the server with CONTROL-C.
Watching for file changes with StatReloader
/home/aviox/CodeProve/CodeProve/settings.py changed, reloading.
Performing system checks...

System check identified no issues (0 silenced).
October 08, 2020 - 10:45:34
Django version 3.1.2, using settings 'CodeProve.settings'
Starting development server at http://0:8000/
Quit the server with CONTROL-C.
Watching for file changes with StatReloader
/home/aviox/CodeProve/CodeProve/settings.py changed, reloading.
Performing system checks...

System check identified no issues (0 silenced).
October 08, 2020 - 11:22:21
Django version 3.1.2, using settings 'CodeProve.settings'
Starting development server at http://0:8000/
Quit the server with CONTROL-C.
Watching for file changes with StatReloader
/home/aviox/CodeProve/CodeProve/settings.py changed, reloading.
Performing system checks...

System check identified no issues (0 silenced).
October 08, 2020 - 11:26:22
Django version 3.1.2, using settings 'CodeProve.settings'
Starting development server at http://0:8000/
Quit the server with CONTROL-C.
Watching for file changes with StatReloader
/home/aviox/CodeProve/CodeProve/settings.py changed, reloading.
Performing system checks...

System check identified no issues (0 silenced).
October 08, 2020 - 11:27:24
Django version 3.1.2, using settings 'CodeProve.settings'
Starting development server at http://0:8000/
Quit the server with CONTROL-C.
Watching for file changes with StatReloader
/home/aviox/CodeProve/CodeProve/settings.py changed, reloading.
Performing system checks...

System check identified no issues (0 silenced).
October 08, 2020 - 11:27:26
Django version 3.1.2, using settings 'CodeProve.settings'
Starting development server at http://0:8000/
Quit the server with CONTROL-C.
Watching for file changes with StatReloader
/home/aviox/CodeProve/CodeProve/settings.py changed, reloading.
Performing system checks...

System check identified no issues (0 silenced).
October 08, 2020 - 11:51:08
Django version 3.1.2, using settings 'CodeProve.settings'
Starting development server at http://0:8000/
Quit the server with CONTROL-C.
Watching for file changes with StatReloader
/home/aviox/CodeProve/CodeProve/settings.py changed, reloading.
Performing system checks...

System check identified no issues (0 silenced).
October 08, 2020 - 11:51:18
Django version 3.1.2, using settings 'CodeProve.settings'
Starting development server at http://0:8000/
Quit the server with CONTROL-C.
Watching for file changes with StatReloader
/home/aviox/CodeProve/CodeProve/settings.py changed, reloading.
Performing system checks...

System check identified no issues (0 silenced).
October 08, 2020 - 11:53:50
Django version 3.1.2, using settings 'CodeProve.settings'
Starting development server at http://0:8000/
Quit the server with CONTROL-C.
Watching for file changes with StatReloader
/home/aviox/CodeProve/CodeProve/settings.py changed, reloading.
Performing system checks...

System check identified no issues (0 silenced).
October 08, 2020 - 11:56:07
Django version 3.1.2, using settings 'CodeProve.settings'
Starting development server at http://0:8000/
Quit the server with CONTROL-C.
Watching for file changes with StatReloader
/home/aviox/CodeProve/CodeProve/settings.py changed, reloading.
Performing system checks...

System check identified no issues (0 silenced).
October 08, 2020 - 11:58:02
Django version 3.1.2, using settings 'CodeProve.settings'
Starting development server at http://0:8000/
Quit the server with CONTROL-C.
Watching for file changes with StatReloader
/home/aviox/CodeProve/CodeProve/settings.py changed, reloading.
Performing system checks...

System check identified no issues (0 silenced).
October 08, 2020 - 11:59:17
Django version 3.1.2, using settings 'CodeProve.settings'
Starting development server at http://0:8000/
Quit the server with CONTROL-C.
Watching for file changes with StatReloader
/home/aviox/CodeProve/CodeProve/settings.py changed, reloading.
Performing system checks...

System check identified no issues (0 silenced).
October 08, 2020 - 12:00:58
Django version 3.1.2, using settings 'CodeProve.settings'
Starting development server at http://0:8000/
Quit the server with CONTROL-C.
Watching for file changes with StatReloader
/home/aviox/CodeProve/CodeProve/settings.py changed, reloading.
Performing system checks...

System check identified no issues (0 silenced).
October 08, 2020 - 12:03:28
Django version 3.1.2, using settings 'CodeProve.settings'
Starting development server at http://0:8000/
Quit the server with CONTROL-C.
Watching for file changes with StatReloader
/home/aviox/CodeProve/CodeProve/settings.py changed, reloading.
Performing system checks...

System check identified no issues (0 silenced).
October 08, 2020 - 12:03:47
Django version 3.1.2, using settings 'CodeProve.settings'
Starting development server at http://0:8000/
Quit the server with CONTROL-C.
Watching for file changes with StatReloader
/home/aviox/CodeProve/CodeProve/settings.py changed, reloading.
Performing system checks...

System check identified no issues (0 silenced).
October 08, 2020 - 12:05:26
Django version 3.1.2, using settings 'CodeProve.settings'
Starting development server at http://0:8000/
Quit the server with CONTROL-C.
Watching for file changes with StatReloader
/home/aviox/CodeProve/CodeProve/settings.py changed, reloading.
Performing system checks...

System check identified no issues (0 silenced).
October 08, 2020 - 12:05:33
Django version 3.1.2, using settings 'CodeProve.settings'
Starting development server at http://0:8000/
Quit the server with CONTROL-C.
Watching for file changes with StatReloader
/home/aviox/CodeProve/CodeProve/settings.py changed, reloading.
Performing system checks...

System check identified no issues (0 silenced).
October 08, 2020 - 12:05:55
Django version 3.1.2, using settings 'CodeProve.settings'
Starting development server at http://0:8000/
Quit the server with CONTROL-C.
Watching for file changes with StatReloader
/home/aviox/CodeProve/CodeProve/settings.py changed, reloading.
Performing system checks...

System check identified no issues (0 silenced).
October 08, 2020 - 12:07:40
Django version 3.1.2, using settings 'CodeProve.settings'
Starting development server at http://0:8000/
Quit the server with CONTROL-C.
Watching for file changes with StatReloader
/home/aviox/CodeProve/CodeProve/settings.py changed, reloading.
Performing system checks...

System check identified no issues (0 silenced).
October 08, 2020 - 12:08:06
Django version 3.1.2, using settings 'CodeProve.settings'
Starting development server at http://0:8000/
Quit the server with CONTROL-C.
Watching for file changes with StatReloader
/home/aviox/CodeProve/app/views.py changed, reloading.
Performing system checks...

System check identified no issues (0 silenced).
October 08, 2020 - 12:09:03
Django version 3.1.2, using settings 'CodeProve.settings'
Starting development server at http://0:8000/
Quit the server with CONTROL-C.
Watching for file changes with StatReloader
/home/aviox/CodeProve/CodeProve/settings.py changed, reloading.
Performing system checks...

System check identified no issues (0 silenced).
October 08, 2020 - 12:30:07
Django version 3.1.2, using settings 'CodeProve.settings'
Starting development server at http://0:8000/
Quit the server with CONTROL-C.
Watching for file changes with StatReloader
/home/aviox/CodeProve/CodeProve/settings.py changed, reloading.
Performing system checks...

System check identified no issues (0 silenced).
October 08, 2020 - 12:38:20
Django version 3.1.2, using settings 'CodeProve.settings'
Starting development server at http://0:8000/
Quit the server with CONTROL-C.
Watching for file changes with StatReloader
